This file contains any messages produced by compilers while
running configure, to aid debugging if configure makes a mistake.

It was created by configure, which was
generated by GNU Autoconf 2.65.  Invocation command line was

  $ ./configure 

## --------- ##
## Platform. ##
## --------- ##

hostname = goodall
uname -m = x86_64
uname -r = 2.6.32-279.11.1.el6.x86_64
uname -s = Linux
uname -v = #1 SMP Tue Oct 16 11:16:02 CDT 2012

/usr/bin/uname -p = unknown
/bin/uname -X     = unknown

/bin/arch              = x86_64
/usr/bin/arch -k       = unknown
/usr/convex/getsysinfo = unknown
/usr/bin/hostinfo      = unknown
/bin/machine           = unknown
/usr/bin/oslevel       = unknown
/bin/universe          = unknown

PATH: /usr/lib64/qt-3.3/bin
PATH: /usr/local/bin
PATH: /bin
PATH: /usr/bin
PATH: /usr/local/sbin
PATH: /usr/sbin
PATH: /sbin
PATH: /home/doug/depot_tools
PATH: /home/doug/bin


## ----------- ##
## Core tests. ##
## ----------- ##

configure:2174: checking build system type
configure:2188: result: x86_64-unknown-linux-gnu
configure:2208: checking host system type
configure:2221: result: x86_64-unknown-linux-gnu
configure:2305: checking for gcc
configure:2321: found /usr/bin/gcc
configure:2332: result: gcc
configure:2561: checking for C compiler version
configure:2570: gcc --version >&5
gcc (GCC) 4.4.6 20120305 (Red Hat 4.4.6-4)
Copyright (C) 2010 Free Software Foundation, Inc.
This is free software; see the source for copying conditions.  There is NO
warranty; not even for MERCHANTABILITY or FITNESS FOR A PARTICULAR PURPOSE.

configure:2581: $? = 0
configure:2570: gcc -v >&5
Using built-in specs.
Target: x86_64-redhat-linux
Configured with: ../configure --prefix=/usr --mandir=/usr/share/man --infodir=/usr/share/info --with-bugurl=http://bugzilla.redhat.com/bugzilla --enable-bootstrap --enable-shared --enable-threads=posix --enable-checking=release --with-system-zlib --enable-__cxa_atexit --disable-libunwind-exceptions --enable-gnu-unique-object --enable-languages=c,c++,objc,obj-c++,java,fortran,ada --enable-java-awt=gtk --disable-dssi --with-java-home=/usr/lib/jvm/java-1.5.0-gcj-1.5.0.0/jre --enable-libgcj-multifile --enable-java-maintainer-mode --with-ecj-jar=/usr/share/java/eclipse-ecj.jar --disable-libjava-multilib --with-ppl --with-cloog --with-tune=generic --with-arch_32=i686 --build=x86_64-redhat-linux
Thread model: posix
gcc version 4.4.6 20120305 (Red Hat 4.4.6-4) (GCC) 
configure:2581: $? = 0
configure:2570: gcc -V >&5
gcc: '-V' option must have argument
configure:2581: $? = 1
configure:2570: gcc -qversion >&5
gcc: unrecognized option '-qversion'
gcc: no input files
configure:2581: $? = 1
configure:2601: checking whether the C compiler works
configure:2623: gcc    conftest.c  >&5
configure:2627: $? = 0
configure:2676: result: yes
configure:2679: checking for C compiler default output file name
configure:2681: result: a.out
configure:2687: checking for suffix of executables
configure:2694: gcc -o conftest    conftest.c  >&5
configure:2698: $? = 0
configure:2720: result: 
configure:2742: checking whether we are cross compiling
configure:2750: gcc -o conftest    conftest.c  >&5
configure:2754: $? = 0
configure:2761: ./conftest
configure:2765: $? = 0
configure:2780: result: no
configure:2785: checking for suffix of object files
configure:2807: gcc -c   conftest.c >&5
configure:2811: $? = 0
configure:2832: result: o
configure:2836: checking whether we are using the GNU C compiler
configure:2855: gcc -c   conftest.c >&5
configure:2855: $? = 0
configure:2864: result: yes
configure:2873: checking whether gcc accepts -g
configure:2893: gcc -c -g  conftest.c >&5
configure:2893: $? = 0
configure:2934: result: yes
configure:2951: checking for gcc option to accept ISO C89
configure:3015: gcc  -c -g -O2  conftest.c >&5
configure:3015: $? = 0
configure:3028: result: none needed
configure:3062: checking for a BSD-compatible install
configure:3130: result: /usr/bin/install -c
configure:3146: checking how to run the C preprocessor
configure:3177: gcc -E  conftest.c
configure:3177: $? = 0
configure:3191: gcc -E  conftest.c
conftest.c:9:28: error: ac_nonexistent.h: No such file or directory
configure:3191: $? = 1
configure: failed program was:
| /* confdefs.h */
| #define PACKAGE_NAME ""
| #define PACKAGE_TARNAME ""
| #define PACKAGE_VERSION ""
| #define PACKAGE_STRING ""
| #define PACKAGE_BUGREPORT ""
| #define PACKAGE_URL ""
| /* end confdefs.h.  */
| #include <ac_nonexistent.h>
configure:3216: result: gcc -E
configure:3236: gcc -E  conftest.c
configure:3236: $? = 0
configure:3250: gcc -E  conftest.c
conftest.c:9:28: error: ac_nonexistent.h: No such file or directory
configure:3250: $? = 1
configure: failed program was:
| /* confdefs.h */
| #define PACKAGE_NAME ""
| #define PACKAGE_TARNAME ""
| #define PACKAGE_VERSION ""
| #define PACKAGE_STRING ""
| #define PACKAGE_BUGREPORT ""
| #define PACKAGE_URL ""
| /* end confdefs.h.  */
| #include <ac_nonexistent.h>
configure:3351: checking for printw in -lcurses
configure:3376: gcc -o conftest -g -O2 -pipe -Wall -Wno-unused -Wshadow -Wbad-function-cast -Wmissing-prototypes -Wstrict-prototypes -Wcast-align -Wcast-qual -Wpointer-arith -Wwrite-strings -Wmissing-declarations -Wnested-externs -Wundef -pedantic -fno-common   -g conftest.c -lcurses   >&5
conftest.c:16: warning: function declaration isn't a prototype
conftest.c:19: warning: function declaration isn't a prototype
configure:3376: $? = 0
configure:3385: result: yes
configure:3800: checking for ANSI C header files
configure:3820: gcc -c -g -O2 -pipe -Wall -Wno-unused -Wshadow -Wbad-function-cast -Wmissing-prototypes -Wstrict-prototypes -Wcast-align -Wcast-qual -Wpointer-arith -Wwrite-strings -Wmissing-declarations -Wnested-externs -Wundef -pedantic -fno-common  conftest.c >&5
conftest.c:16: warning: function declaration isn't a prototype
configure:3820: $? = 0
configure:3904: result: no
configure:3915: checking fcntl.h usability
configure:3915: gcc -c -g -O2 -pipe -Wall -Wno-unused -Wshadow -Wbad-function-cast -Wmissing-prototypes -Wstrict-prototypes -Wcast-align -Wcast-qual -Wpointer-arith -Wwrite-strings -Wmissing-declarations -Wnested-externs -Wundef -pedantic -fno-common  conftest.c >&5
configure:3915: $? = 0
configure:3915: result: yes
configure:3915: checking fcntl.h presence
configure:3915: gcc -E  conftest.c
configure:3915: $? = 0
configure:3915: result: yes
configure:3915: checking for fcntl.h
configure:3915: result: yes
configure:3915: checking sys/types.h usability
configure:3915: gcc -c -g -O2 -pipe -Wall -Wno-unused -Wshadow -Wbad-function-cast -Wmissing-prototypes -Wstrict-prototypes -Wcast-align -Wcast-qual -Wpointer-arith -Wwrite-strings -Wmissing-declarations -Wnested-externs -Wundef -pedantic -fno-common  conftest.c >&5
configure:3915: $? = 0
configure:3915: result: yes
configure:3915: checking sys/types.h presence
configure:3915: gcc -E  conftest.c
configure:3915: $? = 0
configure:3915: result: yes
configure:3915: checking for sys/types.h
configure:3915: result: yes
configure:3915: checking sys/stat.h usability
configure:3915: gcc -c -g -O2 -pipe -Wall -Wno-unused -Wshadow -Wbad-function-cast -Wmissing-prototypes -Wstrict-prototypes -Wcast-align -Wcast-qual -Wpointer-arith -Wwrite-strings -Wmissing-declarations -Wnested-externs -Wundef -pedantic -fno-common  conftest.c >&5
configure:3915: $? = 0
configure:3915: result: yes
configure:3915: checking sys/stat.h presence
configure:3915: gcc -E  conftest.c
configure:3915: $? = 0
configure:3915: result: yes
configure:3915: checking for sys/stat.h
configure:3915: result: yes
configure:3915: checking limits.h usability
configure:3915: gcc -c -g -O2 -pipe -Wall -Wno-unused -Wshadow -Wbad-function-cast -Wmissing-prototypes -Wstrict-prototypes -Wcast-align -Wcast-qual -Wpointer-arith -Wwrite-strings -Wmissing-declarations -Wnested-externs -Wundef -pedantic -fno-common  conftest.c >&5
configure:3915: $? = 0
configure:3915: result: yes
configure:3915: checking limits.h presence
configure:3915: gcc -E  conftest.c
configure:3915: $? = 0
configure:3915: result: yes
configure:3915: checking for limits.h
configure:3915: result: yes
configure:3915: checking unistd.h usability
configure:3915: gcc -c -g -O2 -pipe -Wall -Wno-unused -Wshadow -Wbad-function-cast -Wmissing-prototypes -Wstrict-prototypes -Wcast-align -Wcast-qual -Wpointer-arith -Wwrite-strings -Wmissing-declarations -Wnested-externs -Wundef -pedantic -fno-common  conftest.c >&5
configure:3915: $? = 0
configure:3915: result: yes
configure:3915: checking unistd.h presence
configure:3915: gcc -E  conftest.c
configure:3915: $? = 0
configure:3915: result: yes
configure:3915: checking for unistd.h
configure:3915: result: yes
configure:3927: checking for an ANSI C-conforming const
configure:3992: gcc -c -g -O2 -pipe -Wall -Wno-unused -Wshadow -Wbad-function-cast -Wmissing-prototypes -Wstrict-prototypes -Wcast-align -Wcast-qual -Wpointer-arith -Wwrite-strings -Wmissing-declarations -Wnested-externs -Wundef -pedantic -fno-common  conftest.c >&5
conftest.c:17: warning: function declaration isn't a prototype
conftest.c: In function 'main':
conftest.c:37: warning: cast discards qualifiers from pointer target type
conftest.c:43: warning: 't' is used uninitialized in this function
conftest.c:59: warning: 'b' is used uninitialized in this function
conftest.c:22: warning: 'cs[0]' is used uninitialized in this function
configure:3992: $? = 0
configure:3999: result: yes
configure:4007: checking for mode_t
configure:4007: gcc -c -g -O2 -pipe -Wall -Wno-unused -Wshadow -Wbad-function-cast -Wmissing-prototypes -Wstrict-prototypes -Wcast-align -Wcast-qual -Wpointer-arith -Wwrite-strings -Wmissing-declarations -Wnested-externs -Wundef -pedantic -fno-common  conftest.c >&5
conftest.c:49: warning: function declaration isn't a prototype
configure:4007: $? = 0
configure:4007: gcc -c -g -O2 -pipe -Wall -Wno-unused -Wshadow -Wbad-function-cast -Wmissing-prototypes -Wstrict-prototypes -Wcast-align -Wcast-qual -Wpointer-arith -Wwrite-strings -Wmissing-declarations -Wnested-externs -Wundef -pedantic -fno-common  conftest.c >&5
conftest.c:49: warning: function declaration isn't a prototype
conftest.c: In function 'main':
conftest.c:50: error: expected expression before ')' token
configure:4007: $? = 1
configure: failed program was:
| /* confdefs.h */
| #define PACKAGE_NAME ""
| #define PACKAGE_TARNAME ""
| #define PACKAGE_VERSION ""
| #define PACKAGE_STRING ""
| #define PACKAGE_BUGREPORT ""
| #define PACKAGE_URL ""
| #define HAVE_FCNTL_H 1
| #define HAVE_SYS_TYPES_H 1
| #define HAVE_SYS_STAT_H 1
| #define HAVE_LIMITS_H 1
| #define HAVE_UNISTD_H 1
| /* end confdefs.h.  */
| #include <stdio.h>
| #ifdef HAVE_SYS_TYPES_H
| # include <sys/types.h>
| #endif
| #ifdef HAVE_SYS_STAT_H
| # include <sys/stat.h>
| #endif
| #ifdef STDC_HEADERS
| # include <stdlib.h>
| # include <stddef.h>
| #else
| # ifdef HAVE_STDLIB_H
| #  include <stdlib.h>
| # endif
| #endif
| #ifdef HAVE_STRING_H
| # if !defined STDC_HEADERS && defined HAVE_MEMORY_H
| #  include <memory.h>
| # endif
| # include <string.h>
| #endif
| #ifdef HAVE_STRINGS_H
| # include <strings.h>
| #endif
| #ifdef HAVE_INTTYPES_H
| # include <inttypes.h>
| #endif
| #ifdef HAVE_STDINT_H
| # include <stdint.h>
| #endif
| #ifdef HAVE_UNISTD_H
| # include <unistd.h>
| #endif
| int
| main ()
| {
| if (sizeof ((mode_t)))
| 	    return 0;
|   ;
|   return 0;
| }
configure:4007: result: yes
configure:4018: checking for off_t
configure:4018: gcc -c -g -O2 -pipe -Wall -Wno-unused -Wshadow -Wbad-function-cast -Wmissing-prototypes -Wstrict-prototypes -Wcast-align -Wcast-qual -Wpointer-arith -Wwrite-strings -Wmissing-declarations -Wnested-externs -Wundef -pedantic -fno-common  conftest.c >&5
conftest.c:49: warning: function declaration isn't a prototype
configure:4018: $? = 0
configure:4018: gcc -c -g -O2 -pipe -Wall -Wno-unused -Wshadow -Wbad-function-cast -Wmissing-prototypes -Wstrict-prototypes -Wcast-align -Wcast-qual -Wpointer-arith -Wwrite-strings -Wmissing-declarations -Wnested-externs -Wundef -pedantic -fno-common  conftest.c >&5
conftest.c:49: warning: function declaration isn't a prototype
conftest.c: In function 'main':
conftest.c:50: error: expected expression before ')' token
configure:4018: $? = 1
configure: failed program was:
| /* confdefs.h */
| #define PACKAGE_NAME ""
| #define PACKAGE_TARNAME ""
| #define PACKAGE_VERSION ""
| #define PACKAGE_STRING ""
| #define PACKAGE_BUGREPORT ""
| #define PACKAGE_URL ""
| #define HAVE_FCNTL_H 1
| #define HAVE_SYS_TYPES_H 1
| #define HAVE_SYS_STAT_H 1
| #define HAVE_LIMITS_H 1
| #define HAVE_UNISTD_H 1
| /* end confdefs.h.  */
| #include <stdio.h>
| #ifdef HAVE_SYS_TYPES_H
| # include <sys/types.h>
| #endif
| #ifdef HAVE_SYS_STAT_H
| # include <sys/stat.h>
| #endif
| #ifdef STDC_HEADERS
| # include <stdlib.h>
| # include <stddef.h>
| #else
| # ifdef HAVE_STDLIB_H
| #  include <stdlib.h>
| # endif
| #endif
| #ifdef HAVE_STRING_H
| # if !defined STDC_HEADERS && defined HAVE_MEMORY_H
| #  include <memory.h>
| # endif
| # include <string.h>
| #endif
| #ifdef HAVE_STRINGS_H
| # include <strings.h>
| #endif
| #ifdef HAVE_INTTYPES_H
| # include <inttypes.h>
| #endif
| #ifdef HAVE_STDINT_H
| # include <stdint.h>
| #endif
| #ifdef HAVE_UNISTD_H
| # include <unistd.h>
| #endif
| int
| main ()
| {
| if (sizeof ((off_t)))
| 	    return 0;
|   ;
|   return 0;
| }
configure:4018: result: yes
configure:4029: checking for pid_t
configure:4029: gcc -c -g -O2 -pipe -Wall -Wno-unused -Wshadow -Wbad-function-cast -Wmissing-prototypes -Wstrict-prototypes -Wcast-align -Wcast-qual -Wpointer-arith -Wwrite-strings -Wmissing-declarations -Wnested-externs -Wundef -pedantic -fno-common  conftest.c >&5
conftest.c:49: warning: function declaration isn't a prototype
configure:4029: $? = 0
configure:4029: gcc -c -g -O2 -pipe -Wall -Wno-unused -Wshadow -Wbad-function-cast -Wmissing-prototypes -Wstrict-prototypes -Wcast-align -Wcast-qual -Wpointer-arith -Wwrite-strings -Wmissing-declarations -Wnested-externs -Wundef -pedantic -fno-common  conftest.c >&5
conftest.c:49: warning: function declaration isn't a prototype
conftest.c: In function 'main':
conftest.c:50: error: expected expression before ')' token
configure:4029: $? = 1
configure: failed program was:
| /* confdefs.h */
| #define PACKAGE_NAME ""
| #define PACKAGE_TARNAME ""
| #define PACKAGE_VERSION ""
| #define PACKAGE_STRING ""
| #define PACKAGE_BUGREPORT ""
| #define PACKAGE_URL ""
| #define HAVE_FCNTL_H 1
| #define HAVE_SYS_TYPES_H 1
| #define HAVE_SYS_STAT_H 1
| #define HAVE_LIMITS_H 1
| #define HAVE_UNISTD_H 1
| /* end confdefs.h.  */
| #include <stdio.h>
| #ifdef HAVE_SYS_TYPES_H
| # include <sys/types.h>
| #endif
| #ifdef HAVE_SYS_STAT_H
| # include <sys/stat.h>
| #endif
| #ifdef STDC_HEADERS
| # include <stdlib.h>
| # include <stddef.h>
| #else
| # ifdef HAVE_STDLIB_H
| #  include <stdlib.h>
| # endif
| #endif
| #ifdef HAVE_STRING_H
| # if !defined STDC_HEADERS && defined HAVE_MEMORY_H
| #  include <memory.h>
| # endif
| # include <string.h>
| #endif
| #ifdef HAVE_STRINGS_H
| # include <strings.h>
| #endif
| #ifdef HAVE_INTTYPES_H
| # include <inttypes.h>
| #endif
| #ifdef HAVE_STDINT_H
| # include <stdint.h>
| #endif
| #ifdef HAVE_UNISTD_H
| # include <unistd.h>
| #endif
| int
| main ()
| {
| if (sizeof ((pid_t)))
| 	    return 0;
|   ;
|   return 0;
| }
configure:4029: result: yes
configure:4040: checking for size_t
configure:4040: gcc -c -g -O2 -pipe -Wall -Wno-unused -Wshadow -Wbad-function-cast -Wmissing-prototypes -Wstrict-prototypes -Wcast-align -Wcast-qual -Wpointer-arith -Wwrite-strings -Wmissing-declarations -Wnested-externs -Wundef -pedantic -fno-common  conftest.c >&5
conftest.c:49: warning: function declaration isn't a prototype
configure:4040: $? = 0
configure:4040: gcc -c -g -O2 -pipe -Wall -Wno-unused -Wshadow -Wbad-function-cast -Wmissing-prototypes -Wstrict-prototypes -Wcast-align -Wcast-qual -Wpointer-arith -Wwrite-strings -Wmissing-declarations -Wnested-externs -Wundef -pedantic -fno-common  conftest.c >&5
conftest.c:49: warning: function declaration isn't a prototype
conftest.c: In function 'main':
conftest.c:50: error: expected expression before ')' token
configure:4040: $? = 1
configure: failed program was:
| /* confdefs.h */
| #define PACKAGE_NAME ""
| #define PACKAGE_TARNAME ""
| #define PACKAGE_VERSION ""
| #define PACKAGE_STRING ""
| #define PACKAGE_BUGREPORT ""
| #define PACKAGE_URL ""
| #define HAVE_FCNTL_H 1
| #define HAVE_SYS_TYPES_H 1
| #define HAVE_SYS_STAT_H 1
| #define HAVE_LIMITS_H 1
| #define HAVE_UNISTD_H 1
| /* end confdefs.h.  */
| #include <stdio.h>
| #ifdef HAVE_SYS_TYPES_H
| # include <sys/types.h>
| #endif
| #ifdef HAVE_SYS_STAT_H
| # include <sys/stat.h>
| #endif
| #ifdef STDC_HEADERS
| # include <stdlib.h>
| # include <stddef.h>
| #else
| # ifdef HAVE_STDLIB_H
| #  include <stdlib.h>
| # endif
| #endif
| #ifdef HAVE_STRING_H
| # if !defined STDC_HEADERS && defined HAVE_MEMORY_H
| #  include <memory.h>
| # endif
| # include <string.h>
| #endif
| #ifdef HAVE_STRINGS_H
| # include <strings.h>
| #endif
| #ifdef HAVE_INTTYPES_H
| # include <inttypes.h>
| #endif
| #ifdef HAVE_STDINT_H
| # include <stdint.h>
| #endif
| #ifdef HAVE_UNISTD_H
| # include <unistd.h>
| #endif
| int
| main ()
| {
| if (sizeof ((size_t)))
| 	    return 0;
|   ;
|   return 0;
| }
configure:4040: result: yes
configure:4051: checking whether struct tm is in sys/time.h or time.h
configure:4071: gcc -c -g -O2 -pipe -Wall -Wno-unused -Wshadow -Wbad-function-cast -Wmissing-prototypes -Wstrict-prototypes -Wcast-align -Wcast-qual -Wpointer-arith -Wwrite-strings -Wmissing-declarations -Wnested-externs -Wundef -pedantic -fno-common  conftest.c >&5
conftest.c:19: warning: function declaration isn't a prototype
configure:4071: $? = 0
configure:4078: result: time.h
configure:4095: checking for special C compiler options needed for large files
configure:4140: result: no
configure:4146: checking for _FILE_OFFSET_BITS value needed for large files
configure:4171: gcc -c -g -O2 -pipe -Wall -Wno-unused -Wshadow -Wbad-function-cast -Wmissing-prototypes -Wstrict-prototypes -Wcast-align -Wcast-qual -Wpointer-arith -Wwrite-strings -Wmissing-declarations -Wnested-externs -Wundef -pedantic -fno-common  conftest.c >&5
conftest.c:25: warning: function declaration isn't a prototype
configure:4171: $? = 0
configure:4203: result: no
configure:4291: checking for working memcmp
configure:4334: gcc -o conftest -g -O2 -pipe -Wall -Wno-unused -Wshadow -Wbad-function-cast -Wmissing-prototypes -Wstrict-prototypes -Wcast-align -Wcast-qual -Wpointer-arith -Wwrite-strings -Wmissing-declarations -Wnested-externs -Wundef -pedantic -fno-common   -g conftest.c -lcurses  >&5
conftest.c:49: warning: function declaration isn't a prototype
conftest.c: In function 'main':
conftest.c:53: warning: implicit declaration of function 'memcmp'
conftest.c:67: warning: implicit declaration of function 'strcpy'
conftest.c:67: warning: incompatible implicit declaration of built-in function 'strcpy'
configure:4334: $? = 0
configure:4334: ./conftest
configure:4334: $? = 0
configure:4344: result: yes
configure:4355: checking for strftime
configure:4355: gcc -o conftest -g -O2 -pipe -Wall -Wno-unused -Wshadow -Wbad-function-cast -Wmissing-prototypes -Wstrict-prototypes -Wcast-align -Wcast-qual -Wpointer-arith -Wwrite-strings -Wmissing-declarations -Wnested-externs -Wundef -pedantic -fno-common   -g conftest.c -lcurses  >&5
conftest.c:37: warning: function declaration isn't a prototype
conftest.c:37: warning: conflicting types for built-in function 'strftime'
conftest.c:47: warning: function declaration isn't a prototype
configure:4355: $? = 0
configure:4355: result: yes
configure:4411: checking for mktime
configure:4411: gcc -o conftest -g -O2 -pipe -Wall -Wno-unused -Wshadow -Wbad-function-cast -Wmissing-prototypes -Wstrict-prototypes -Wcast-align -Wcast-qual -Wpointer-arith -Wwrite-strings -Wmissing-declarations -Wnested-externs -Wundef -pedantic -fno-common   -g conftest.c -lcurses  >&5
conftest.c:38: warning: function declaration isn't a prototype
conftest.c:48: warning: function declaration isn't a prototype
configure:4411: $? = 0
configure:4411: result: yes
configure:4411: checking for strerror
configure:4411: gcc -o conftest -g -O2 -pipe -Wall -Wno-unused -Wshadow -Wbad-function-cast -Wmissing-prototypes -Wstrict-prototypes -Wcast-align -Wcast-qual -Wpointer-arith -Wwrite-strings -Wmissing-declarations -Wnested-externs -Wundef -pedantic -fno-common   -g conftest.c -lcurses  >&5
conftest.c:39: warning: function declaration isn't a prototype
conftest.c:49: warning: function declaration isn't a prototype
configure:4411: $? = 0
configure:4411: result: yes
configure:4535: creating ./config.status

## ---------------------- ##
## Running config.status. ##
## ---------------------- ##

This file was extended by config.status, which was
generated by GNU Autoconf 2.65.  Invocation command line was

  CONFIG_FILES    = 
  CONFIG_HEADERS  = 
  CONFIG_LINKS    = 
  CONFIG_COMMANDS = 
  $ ./config.status 

on goodall

config.status:828: creating Makefile
config.status:828: creating cpm.5
config.status:828: creating cpmchattr.1
config.status:828: creating cpmchmod.1
config.status:828: creating cpmcp.1
config.status:828: creating cpmls.1
config.status:828: creating cpmrm.1
config.status:828: creating fsck.cpm.1
config.status:828: creating fsed.cpm.1
config.status:828: creating mkfs.cpm.1
config.status:828: creating config.h

## ---------------- ##
## Cache variables. ##
## ---------------- ##

ac_cv_build=x86_64-unknown-linux-gnu
ac_cv_c_compiler_gnu=yes
ac_cv_c_const=yes
ac_cv_env_CC_set=
ac_cv_env_CC_value=
ac_cv_env_CFLAGS_set=
ac_cv_env_CFLAGS_value=
ac_cv_env_CPPFLAGS_set=
ac_cv_env_CPPFLAGS_value=
ac_cv_env_CPP_set=
ac_cv_env_CPP_value=
ac_cv_env_LDFLAGS_set=
ac_cv_env_LDFLAGS_value=
ac_cv_env_LIBS_set=
ac_cv_env_LIBS_value=
ac_cv_env_build_alias_set=
ac_cv_env_build_alias_value=
ac_cv_env_host_alias_set=
ac_cv_env_host_alias_value=
ac_cv_env_target_alias_set=
ac_cv_env_target_alias_value=
ac_cv_func_memcmp_working=yes
ac_cv_func_mktime=yes
ac_cv_func_strerror=yes
ac_cv_func_strftime=yes
ac_cv_header_fcntl_h=yes
ac_cv_header_limits_h=yes
ac_cv_header_stdc=no
ac_cv_header_sys_stat_h=yes
ac_cv_header_sys_types_h=yes
ac_cv_header_unistd_h=yes
ac_cv_host=x86_64-unknown-linux-gnu
ac_cv_lib_curses_printw=yes
ac_cv_objext=o
ac_cv_path_install='/usr/bin/install -c'
ac_cv_prog_CPP='gcc -E'
ac_cv_prog_ac_ct_CC=gcc
ac_cv_prog_cc_c89=
ac_cv_prog_cc_g=yes
ac_cv_struct_tm=time.h
ac_cv_sys_file_offset_bits=no
ac_cv_sys_largefile_CC=no
ac_cv_type_mode_t=yes
ac_cv_type_off_t=yes
ac_cv_type_pid_t=yes
ac_cv_type_size_t=yes

## ----------------- ##
## Output variables. ##
## ----------------- ##

CC='gcc'
CFLAGS='-g -O2 -pipe -Wall -Wno-unused -Wshadow -Wbad-function-cast -Wmissing-prototypes -Wstrict-prototypes -Wcast-align -Wcast-qual -Wpointer-arith -Wwrite-strings -Wmissing-declarations -Wnested-externs -Wundef -pedantic -fno-common'
CPP='gcc -E'
CPPFLAGS=''
DATADIR='${prefix}/share'
DEFFORMAT='ibm-3740'
DEFS='-DHAVE_CONFIG_H'
DEVICE='posix'
DISKDEFS='${datarootdir}/diskdefs'
ECHO_C=''
ECHO_N='-n'
ECHO_T=''
EGREP=''
EXEEXT=''
FSED_CPM='fsed.cpm'
GREP=''
INSTALL_DATA='${INSTALL} -m 644'
INSTALL_PROGRAM='${INSTALL}'
INSTALL_SCRIPT='${INSTALL}'
LDDEPS=''
LDFLAGS=' -g'
LDLIBS=''
LIBOBJS=''
LIBS='-lcurses '
LTLIBOBJS=''
OBJEXT='o'
PACKAGE_BUGREPORT=''
PACKAGE_NAME=''
PACKAGE_STRING=''
PACKAGE_TARNAME=''
PACKAGE_URL=''
PACKAGE_VERSION=''
PATH_SEPARATOR=':'
SHELL='/bin/sh'
UPDATED='March 30, 2010'
ac_ct_CC='gcc'
bindir='${exec_prefix}/bin'
build='x86_64-unknown-linux-gnu'
build_alias=''
build_cpu='x86_64'
build_os='linux-gnu'
build_vendor='unknown'
datadir='${datarootdir}'
datarootdir='${prefix}/share'
docdir='${datarootdir}/doc/${PACKAGE}'
dvidir='${docdir}'
exec_prefix='${prefix}'
host='x86_64-unknown-linux-gnu'
host_alias=''
host_cpu='x86_64'
host_os='linux-gnu'
host_vendor='unknown'
htmldir='${docdir}'
includedir='${prefix}/include'
infodir='${datarootdir}/info'
libdir='${exec_prefix}/lib'
libexecdir='${exec_prefix}/libexec'
localedir='${datarootdir}/locale'
localstatedir='${prefix}/var'
mandir='${datarootdir}/man'
oldincludedir='/usr/include'
pdfdir='${docdir}'
prefix='/usr/local'
program_transform_name='s,x,x,'
psdir='${docdir}'
sbindir='${exec_prefix}/sbin'
sharedstatedir='${prefix}/com'
sysconfdir='${prefix}/etc'
target_alias=''

## ----------- ##
## confdefs.h. ##
## ----------- ##

/* confdefs.h */
#define PACKAGE_NAME ""
#define PACKAGE_TARNAME ""
#define PACKAGE_VERSION ""
#define PACKAGE_STRING ""
#define PACKAGE_BUGREPORT ""
#define PACKAGE_URL ""
#define HAVE_FCNTL_H 1
#define HAVE_SYS_TYPES_H 1
#define HAVE_SYS_STAT_H 1
#define HAVE_LIMITS_H 1
#define HAVE_UNISTD_H 1
#define HAVE_STRFTIME 1
#define HAVE_MKTIME 1
#define HAVE_STRERROR 1

configure: exit 0
